<?xml version="1.0" encoding="UTF-8"?>
<!-- Generated by org.testng.reporters.JUnitReportReporter -->
<testsuite hostname="WarMachine" failures="0" tests="8" name="testcases.LoginTest" time="9.541" errors="0" timestamp="2025-02-16T23:14:56 IST" skipped="0">
  <testcase classname="testcases.LoginTest" name="loginTest" time="2.034"/>
  <testcase classname="testcases.LoginTest" name="loginTest" time="1.722"/>
  <testcase classname="testcases.LoginTest" name="loginTest" time="2.085"/>
  <testcase classname="testcases.LoginTest" name="negativeLoginTest" time="0.747"/>
  <testcase classname="testcases.LoginTest" name="negativeLoginTest" time="0.672"/>
  <testcase classname="testcases.LoginTest" name="negativeLoginTest" time="0.776"/>
  <testcase classname="testcases.LoginTest" name="negativeLoginTest" time="0.747"/>
  <testcase classname="testcases.LoginTest" name="forgotPasswordTest" time="0.758"/>
</testsuite> <!-- testcases.LoginTest -->
