<?xml version="1.0" encoding="UTF-8"?>
<!-- Generated by org.testng.reporters.JUnitReportReporter -->
<testsuite hostname="WarMachine" failures="0" tests="3" name="testcases.DashboardTest" time="4.545" errors="0" timestamp="2025-02-12T21:02:05 IST" skipped="0">
  <testcase classname="testcases.DashboardTest" name="verifyDashboardForMultipleUsers" time="1.174"/>
  <testcase classname="testcases.DashboardTest" name="verifyDashboardForMultipleUsers" time="1.927"/>
  <testcase classname="testcases.DashboardTest" name="verifyDashboardForMultipleUsers" time="1.444"/>
</testsuite> <!-- testcases.DashboardTest -->
