<?xml version="1.0" encoding="UTF-8"?>
<!-- Generated by org.testng.reporters.JUnitReportReporter -->
<testsuite hostname="WarMachine" failures="0" tests="2" name="testcases.AddVisitTest" time="14.196" errors="0" timestamp="2025-02-18T10:43:10 IST" skipped="0">
  <testcase classname="testcases.AddVisitTest" name="testAddVisitManager" time="7.219"/>
  <testcase classname="testcases.AddVisitTest" name="testAddVisitAssociate" time="6.977"/>
</testsuite> <!-- testcases.AddVisitTest -->
