<?xml version="1.0" encoding="UTF-8"?>
<!-- Generated by org.testng.reporters.JUnitReportReporter -->
<testsuite hostname="WarMachine" failures="0" tests="7" name="testcases.LoginTest" time="9.721" errors="0" timestamp="2025-02-13T19:18:27 IST" skipped="0">
  <testcase classname="testcases.LoginTest" name="firsttest" time="1.247"/>
  <testcase classname="testcases.LoginTest" name="negativeLoginTest" time="1.312"/>
  <testcase classname="testcases.LoginTest" name="negativeLoginTest" time="1.482"/>
  <testcase classname="testcases.LoginTest" name="negativeLoginTest" time="1.430"/>
  <testcase classname="testcases.LoginTest" name="firsttest" time="1.517"/>
  <testcase classname="testcases.LoginTest" name="negativeLoginTest" time="1.401"/>
  <testcase classname="testcases.LoginTest" name="firsttest" time="1.332"/>
</testsuite> <!-- testcases.LoginTest -->
