<?xml version="1.0" encoding="UTF-8"?>
<!-- Generated by org.testng.reporters.JUnitReportReporter -->
<testsuite hostname="acer" failures="0" tests="3" name="testcases.LoginTest" time="3.381" errors="0" timestamp="2025-02-11T10:51:48 IST" skipped="0">
  <testcase classname="testcases.LoginTest" name="firsttest" time="1.288"/>
  <testcase classname="testcases.LoginTest" name="firsttest" time="0.934"/>
  <testcase classname="testcases.LoginTest" name="firsttest" time="1.159"/>
</testsuite> <!-- testcases.LoginTest -->
