<?xml version="1.0" encoding="UTF-8"?>
<!-- Generated by org.testng.reporters.JUnitReportReporter -->
<testsuite hostname="WarMachine" failures="0" tests="3" name="testcases.LoginTest" time="4.088" errors="0" timestamp="2025-02-10T19:27:52 IST" skipped="0">
  <testcase classname="testcases.LoginTest" name="firsttest" time="1.189"/>
  <testcase classname="testcases.LoginTest" name="firsttest" time="1.342"/>
  <testcase classname="testcases.LoginTest" name="firsttest" time="1.557"/>
</testsuite> <!-- testcases.LoginTest -->
