<?xml version="1.0" encoding="UTF-8"?>
<!-- Generated by org.testng.reporters.JUnitReportReporter -->
<testsuite hostname="WarMachine" failures="0" tests="8" name="testcases.LoginTest" time="12.808" errors="0" timestamp="2025-02-18T10:36:55 IST" skipped="0">
  <testcase classname="testcases.LoginTest" name="loginTest" time="2.157"/>
  <testcase classname="testcases.LoginTest" name="loginTest" time="3.165"/>
  <testcase classname="testcases.LoginTest" name="loginTest" time="4.500"/>
  <testcase classname="testcases.LoginTest" name="negativeLoginTest" time="0.424"/>
  <testcase classname="testcases.LoginTest" name="negativeLoginTest" time="0.427"/>
  <testcase classname="testcases.LoginTest" name="negativeLoginTest" time="0.360"/>
  <testcase classname="testcases.LoginTest" name="negativeLoginTest" time="0.287"/>
  <testcase classname="testcases.LoginTest" name="forgotPasswordTest" time="1.488"/>
</testsuite> <!-- testcases.LoginTest -->
