<?xml version="1.0" encoding="UTF-8"?>
<!-- Generated by org.testng.reporters.JUnitReportReporter -->
<testsuite hostname="WarMachine" failures="0" tests="7" name="testcases.LoginTest" time="9.134" errors="0" timestamp="2025-02-13T19:35:28 IST" skipped="0">
  <testcase classname="testcases.LoginTest" name="firsttest" time="1.301"/>
  <testcase classname="testcases.LoginTest" name="firsttest" time="1.190"/>
  <testcase classname="testcases.LoginTest" name="negativeLoginTest" time="1.301"/>
  <testcase classname="testcases.LoginTest" name="firsttest" time="1.389"/>
  <testcase classname="testcases.LoginTest" name="negativeLoginTest" time="1.270"/>
  <testcase classname="testcases.LoginTest" name="negativeLoginTest" time="1.331"/>
  <testcase classname="testcases.LoginTest" name="negativeLoginTest" time="1.352"/>
</testsuite> <!-- testcases.LoginTest -->
