<?xml version="1.0" encoding="UTF-8"?>
<!-- Generated by org.testng.reporters.JUnitReportReporter -->
<testsuite hostname="WarMachine" failures="0" tests="2" name="testcases.AddVisitTest" time="10.677" errors="0" timestamp="2025-02-17T23:31:43 IST" skipped="0">
  <testcase classname="testcases.AddVisitTest" name="testAddVisitManager" time="5.767"/>
  <testcase classname="testcases.AddVisitTest" name="testAddVisitAssociate" time="4.910"/>
</testsuite> <!-- testcases.AddVisitTest -->
