<?xml version="1.0" encoding="UTF-8"?>
<!-- Generated by org.testng.reporters.JUnitReportReporter -->
<testsuite hostname="WarMachine" failures="0" tests="5" name="testcases.DashboardTest" time="16.836" errors="0" timestamp="2025-02-18T10:41:26 IST" skipped="0">
  <testcase classname="testcases.DashboardTest" name="verifyDashboardForMultipleUsers" time="5.276"/>
  <testcase classname="testcases.DashboardTest" name="verifyDashboardForMultipleUsers" time="2.599"/>
  <testcase classname="testcases.DashboardTest" name="verifyDashboardForMultipleUsers" time="3.683"/>
  <testcase classname="testcases.DashboardTest" name="verifyDashboardElementsAsManager" time="2.802"/>
  <testcase classname="testcases.DashboardTest" name="verifyDashboardElementsAsAssociate" time="2.476"/>
</testsuite> <!-- testcases.DashboardTest -->
