<?xml version="1.0" encoding="UTF-8"?>
<!-- Generated by org.testng.reporters.JUnitReportReporter -->
<testsuite hostname="DESKTOP-LB3IEM5" failures="0" tests="1" name="testcases.LoginTest" time="1.449" errors="0" timestamp="2025-02-10T10:38:31 IST" skipped="0">
  <testcase classname="testcases.LoginTest" name="firsttest" time="1.449"/>
</testsuite> <!-- testcases.LoginTest -->
