<?xml version="1.0" encoding="UTF-8"?>
<!-- Generated by org.testng.reporters.JUnitReportReporter -->
<testsuite hostname="WarMachine" failures="0" tests="3" name="testcases.DashboardTest" time="5.310" errors="0" timestamp="2025-02-14T13:09:45 IST" skipped="0">
  <testcase classname="testcases.DashboardTest" name="verifyDashboardForMultipleUsers" time="1.482"/>
  <testcase classname="testcases.DashboardTest" name="verifyDashboardForMultipleUsers" time="1.832"/>
  <testcase classname="testcases.DashboardTest" name="verifyDashboardForMultipleUsers" time="1.996"/>
</testsuite> <!-- testcases.DashboardTest -->
