<?xml version="1.0" encoding="UTF-8"?>
<!-- Generated by org.testng.reporters.JUnitReportReporter -->
<testsuite hostname="WarMachine" failures="0" tests="5" name="testcases.DashboardTest" time="11.531" errors="0" timestamp="2025-02-16T23:22:45 IST" skipped="0">
  <testcase classname="testcases.DashboardTest" name="verifyDashboardForMultipleUsers" time="2.570"/>
  <testcase classname="testcases.DashboardTest" name="verifyDashboardForMultipleUsers" time="2.558"/>
  <testcase classname="testcases.DashboardTest" name="verifyDashboardForMultipleUsers" time="2.611"/>
  <testcase classname="testcases.DashboardTest" name="verifyDashboardElementsAsManager" time="2.029"/>
  <testcase classname="testcases.DashboardTest" name="verifyDashboardElementsAsAssociate" time="1.763"/>
</testsuite> <!-- testcases.DashboardTest -->
