<?xml version="1.0" encoding="UTF-8"?>
<!-- Generated by org.testng.reporters.JUnitReportReporter -->
<testsuite hostname="WarMachine" failures="0" tests="3" name="testcases.LoginTest" time="5.240" errors="0" timestamp="2025-02-10T19:55:07 IST" skipped="0">
  <testcase classname="testcases.LoginTest" name="firsttest" time="1.740"/>
  <testcase classname="testcases.LoginTest" name="firsttest" time="1.280"/>
  <testcase classname="testcases.LoginTest" name="firsttest" time="2.220"/>
</testsuite> <!-- testcases.LoginTest -->
